<?xml version="1.0" encoding="UTF-8"?>
<coverage generated="1702066453376" clover="3.2.0">
  <project timestamp="1702066453377" name="All files">
    <metrics statements="16" coveredstatements="16" conditionals="2" coveredconditionals="2" methods="8" coveredmethods="8" elements="26" coveredelements="26" complexity="0" loc="16" ncloc="16" packages="1" files="3" classes="3"/>
    <file name="Calculadora.js" path="C:\Users\Acer\Desktop\Entra21 2023\006-Node\001-Exemplos\014-Testes Automatizados\src\Calculadora.js">
      <metrics statements="5" coveredstatements="5" conditionals="2" coveredconditionals="2" methods="3" coveredmethods="3"/>
      <line num="4" count="1" type="stmt"/>
      <line num="8" count="1" type="stmt"/>
      <line num="12" count="2" type="cond" truecount="2" falsecount="0"/>
      <line num="13" count="1" type="stmt"/>
      <line num="15" count="1" type="stmt"/>
    </file>
    <file name="Textos.js" path="C:\Users\Acer\Desktop\Entra21 2023\006-Node\001-Exemplos\014-Testes Automatizados\src\Textos.js">
      <metrics statements="1" coveredstatements="1" conditionals="0" coveredconditionals="0" methods="1" coveredmethods="1"/>
      <line num="4" count="1" type="stmt"/>
    </file>
    <file name="app.js" path="C:\Users\Acer\Desktop\Entra21 2023\006-Node\001-Exemplos\014-Testes Automatizados\src\app.js">
      <metrics statements="10" coveredstatements="10" conditionals="0" coveredconditionals="0" methods="4" coveredmethods="4"/>
      <line num="3" count="1" type="stmt"/>
      <line num="4" count="1" type="stmt"/>
      <line num="6" count="1" type="stmt"/>
      <line num="7" count="1" type="stmt"/>
      <line num="10" count="1" type="stmt"/>
      <line num="11" count="1" type="stmt"/>
      <line num="15" count="1" type="stmt"/>
      <line num="16" count="1" type="stmt"/>
      <line num="19" count="1" type="stmt"/>
      <line num="20" count="1" type="stmt"/>
    </file>
  </project>
</coverage>
